#
# A fatal error has been detected by the Java Runtime Environment:
#
#  EXCEPTION_ACCESS_VIOLATION (0xc0000005) at pc=0x0000000076cf42d0, pid=6052, tid=3468
#
# JRE version: Java(TM) SE Runtime Environment (10.0.2+13) (build 10.0.2+13)
# Java VM: Java HotSpot(TM) 64-Bit Server VM (10.0.2+13, mixed mode, tiered, compressed oops, g1 gc, windows-amd64)
# Problematic frame:
# V  [jvm.dll+0x1c42d0]
#
# No core dump will be written. Minidumps are not enabled by default on client versions of Windows
#
# If you would like to submit a bug report, please visit:
#   http://bugreport.java.com/bugreport/crash.jsp
#

---------------  S U M M A R Y ------------

Command Line: -Dcom.sun.management.jmxremote -Dcom.sun.management.jmxremote.port=50413 -Dcom.sun.management.jmxremote.authenticate=false -Dcom.sun.management.jmxremote.ssl=false -Djava.rmi.server.hostname=localhost -Dspring.liveBeansView.mbeanDomain -Dspring.application.admin.enabled=true -Xverify:none -XX:TieredStopAtLevel=1 -Dfile.encoding=UTF-8 com.apap.tutorial5.Tutorial5Application --spring.output.ansi.enabled=always

Host: AMD FX-7500 Radeon R7, 10 Compute Cores 4C+6G  , 4 cores, 3G,  Windows 10 , 64 bit Build 17134 (10.0.17134.1)
Time: Tue Oct 09 17:47:16 2018 SE Asia Standard Time elapsed time: 3961 seconds (0d 1h 6m 1s)

---------------  T H R E A D  ---------------

Current thread (0x00000260df514800):  GCTaskThread "GC Thread#2" [stack: 0x0000007223300000,0x0000007223400000] [id=3468]

Stack: [0x0000007223300000,0x0000007223400000],  sp=0x00000072233ff3e0,  free space=1020k
Native frames: (J=compiled Java code, j=interpreted, Vv=VM code, C=native code)
V  [jvm.dll+0x1c42d0]
V  [jvm.dll+0x2c9239]
V  [jvm.dll+0x6dffa0]
V  [jvm.dll+0x59f4b0]
C  [msvcr120.dll+0x24f7f]
C  [msvcr120.dll+0x25126]
C  [KERNEL32.DLL+0x13034]
C  [ntdll.dll+0x71461]


siginfo: EXCEPTION_ACCESS_VIOLATION (0xc0000005), reading address 0x0000500000000088


Register to memory mapping:

RIP=0x0000000076cf42d0 jvm.dll
RAX=0x0000500000000000 is an unknown value
RBX=0x0000500000000000 is an unknown value
RCX=0x000000010025a030 is pointing into metadata
RDX=0x0000007223cff0e0 is an unknown value
RSP=0x00000072233ff3e0 is an unknown value
RBP=0x00000260df514cd0 is an unknown value
RSI=0x0000007223cff0d0 is an unknown value
RDI=0x0000007223cff0e0 is an unknown value
R8 =0x000000010025a430 is pointing into metadata
R9 =0x000000000000d802 is an unknown value
R10=0x00000260e7350000 is an unknown value
R11=0x00000072233ff3f0 is an unknown value
R12=0x00000000000003d8 is an unknown value
R13=0x0000000000000000 is an unknown value
R14=0x00000260df514ce0 is an unknown value
R15=0x00000260df5150b8 is an unknown value


Registers:
RAX=0x0000500000000000, RBX=0x0000500000000000, RCX=0x000000010025a030, RDX=0x0000007223cff0e0
RSP=0x00000072233ff3e0, RBP=0x00000260df514cd0, RSI=0x0000007223cff0d0, RDI=0x0000007223cff0e0
R8 =0x000000010025a430, R9 =0x000000000000d802, R10=0x00000260e7350000, R11=0x00000072233ff3f0
R12=0x00000000000003d8, R13=0x0000000000000000, R14=0x00000260df514ce0, R15=0x00000260df5150b8
RIP=0x0000000076cf42d0, EFLAGS=0x0000000000010206

Top of Stack: (sp=0x00000072233ff3e0)
0x00000072233ff3e0:   000000010025b430 0000007223cff688
0x00000072233ff3f0:   00000260df514cd0 0000007223cff0d0
0x00000072233ff400:   00000260df50f840 0000000076df9239
0x00000072233ff410:   00000260df514800 00000260df514800
0x00000072233ff420:   00000260e7352410 0000007223cff010
0x00000072233ff430:   0000000000000000 0000000000000000
0x00000072233ff440:   0000000000000000 000000007720ffa0
0x00000072233ff450:   00000260df514800 00000072233ff840
0x00000072233ff460:   00000260df5182d0 00000000000075a3
0x00000072233ff470:   0000007223cff010 0000000000000003
0x00000072233ff480:   0000000000000000 0000000000000000
0x00000072233ff490:   00000260df514800 00000000770cf4b0
0x00000072233ff4a0:   000002600000001a 00000260df5182d0
0x00000072233ff4b0:   0000000000000000 0000000000000000
0x00000072233ff4c0:   0000000000000000 0000000000000000
0x00000072233ff4d0:   0000000000000000 0000000000000000 

Instructions: (pc=0x0000000076cf42d0)
0x0000000076cf42b0:   48 89 5c 24 08 57 48 83 ec 20 48 8b 19 48 8b f9
0x0000000076cf42c0:   48 85 db 74 4c 66 66 66 0f 1f 84 00 00 00 00 00
0x0000000076cf42d0:   48 8b 8b 88 00 00 00 48 85 c9 75 19 48 8b 83 90
0x0000000076cf42e0:   00 00 00 48 8b 40 70 48 85 c0 74 09 48 8b 48 38 



---------------  P R O C E S S  ---------------

Threads class SMR info:
_java_thread_list=0x00000260fc7e6250, length=19, elements={
0x00000260fa943000, 0x00000260fa93f000, 0x00000260fa954800, 0x00000260fa955800,
0x00000260fa958800, 0x00000260fa95b000, 0x00000260fa980800, 0x00000260fa986000,
0x00000260fabf7800, 0x00000260fabfa800, 0x00000260fb155000, 0x00000260fb138800,
0x00000260fb12f000, 0x00000260fcea7800, 0x00000260fceaa000, 0x00000260800e8800,
0x00000260fceab800, 0x00000260fceac800, 0x00000260fcea7000
}

Java Threads: ( => current thread )
  0x00000260fa943000 JavaThread "Reference Handler" daemon [_thread_blocked, id=364, stack(0x0000007223d00000,0x0000007223e00000)]
  0x00000260fa93f000 JavaThread "Finalizer" daemon [_thread_blocked, id=7764, stack(0x0000007223e00000,0x0000007223f00000)]
  0x00000260fa954800 JavaThread "Signal Dispatcher" daemon [_thread_blocked, id=4160, stack(0x0000007223f00000,0x0000007224000000)]
  0x00000260fa955800 JavaThread "Attach Listener" daemon [_thread_blocked, id=1900, stack(0x0000007224000000,0x0000007224100000)]
  0x00000260fa958800 JavaThread "C1 CompilerThread0" daemon [_thread_blocked, id=8532, stack(0x0000007224100000,0x0000007224200000)]
  0x00000260fa95b000 JavaThread "C1 CompilerThread1" daemon [_thread_blocked, id=8128, stack(0x0000007224200000,0x0000007224300000)]
  0x00000260fa980800 JavaThread "C1 CompilerThread2" daemon [_thread_blocked, id=4844, stack(0x0000007224300000,0x0000007224400000)]
  0x00000260fa986000 JavaThread "Sweeper thread" daemon [_thread_blocked, id=3932, stack(0x0000007224400000,0x0000007224500000)]
  0x00000260fabf7800 JavaThread "Service Thread" daemon [_thread_blocked, id=8680, stack(0x0000007224500000,0x0000007224600000)]
  0x00000260fabfa800 JavaThread "Common-Cleaner" daemon [_thread_blocked, id=6648, stack(0x0000007224600000,0x0000007224700000)]
  0x00000260fb155000 JavaThread "RMI TCP Accept-0" daemon [_thread_in_native, id=8496, stack(0x0000007224700000,0x0000007224800000)]
  0x00000260fb138800 JavaThread "RMI TCP Accept-50413" daemon [_thread_in_native, id=3696, stack(0x0000007224800000,0x0000007224900000)]
  0x00000260fb12f000 JavaThread "RMI TCP Accept-0" daemon [_thread_in_native, id=2924, stack(0x0000007224900000,0x0000007224a00000)]
  0x00000260fcea7800 JavaThread "Abandoned connection cleanup thread" daemon [_thread_blocked, id=6932, stack(0x0000007225100000,0x0000007225200000)]
  0x00000260fceaa000 JavaThread "Live Reload Server" daemon [_thread_in_native, id=5848, stack(0x0000007225700000,0x0000007225800000)]
  0x00000260800e8800 JavaThread "DestroyJavaVM" [_thread_blocked, id=5964, stack(0x0000007223000000,0x0000007223100000)]
  0x00000260fceab800 JavaThread "http-nio-8080-Acceptor-0" daemon [_thread_blocked, id=2192, stack(0x0000007226300000,0x0000007226400000)]
  0x00000260fceac800 JavaThread "http-nio-8080-AsyncTimeout" daemon [_thread_blocked, id=7636, stack(0x0000007226400000,0x0000007226500000)]
  0x00000260fcea7000 JavaThread "Thread-9" [_thread_blocked, id=6688, stack(0x0000007224b00000,0x0000007224c00000)]

Other Threads:
  0x00000260fa935000 VMThread "VM Thread" [stack: 0x0000007223c00000,0x0000007223d00000] [id=6364]
  0x00000260fb130000 WatcherThread [stack: 0x0000007224a00000,0x0000007224b00000] [id=6664]
  0x00000260df510000 GCTaskThread "GC Thread#0" [stack: 0x0000007223100000,0x0000007223200000] [id=9212]
  0x00000260df512800 GCTaskThread "GC Thread#1" [stack: 0x0000007223200000,0x0000007223300000] [id=5832]
=>0x00000260df514800 GCTaskThread "GC Thread#2" [stack: 0x0000007223300000,0x0000007223400000] [id=3468]
  0x00000260df51b800 GCTaskThread "GC Thread#3" [stack: 0x0000007223400000,0x0000007223500000] [id=8168]
  0x00000260df554800 ConcurrentGCThread "G1 Main Marker" [stack: 0x0000007223500000,0x0000007223600000] [id=7476]
  0x00000260df556800 ConcurrentGCThread "G1 Conc#0" [stack: 0x0000007223600000,0x0000007223700000] [id=4548]
  0x00000260df58e000 ConcurrentGCThread "G1 Refine#0" [stack: 0x0000007223700000,0x0000007223800000] [id=5356]
  0x00000260df58f000 ConcurrentGCThread "G1 Refine#1" [stack: 0x0000007223800000,0x0000007223900000] [id=6864]
  0x00000260df592000 ConcurrentGCThread "G1 Refine#2" [stack: 0x0000007223900000,0x0000007223a00000] [id=5316]
  0x00000260df593000 ConcurrentGCThread "G1 Refine#3" [stack: 0x0000007223a00000,0x0000007223b00000] [id=5600]
  0x00000260df596000 ConcurrentGCThread "G1 Young RemSet Sampling" [stack: 0x0000007223b00000,0x0000007223c00000] [id=6312]

Threads with active compile tasks:

VM state:at safepoint (normal execution)

VM Mutex/Monitor currently owned by a thread:  ([mutex/lock_event])
[0x00000260df4f6af0] Threads_lock - owner thread: 0x00000260fa935000
[0x00000260df4f57d0] Heap_lock - owner thread: 0x00000260fcea7000

Heap address: 0x00000000c8c00000, size: 884 MB, Compressed Oops mode: 32-bit
Narrow klass base: 0x0000000000000000, Narrow klass shift: 3
Compressed class space size: 1073741824 Address: 0x0000000100000000

Heap:
 garbage-first heap   total 112640K, used 44464K [0x00000000c8c00000, 0x0000000100000000)
  region size 1024K, 11 young (11264K), 4 survivors (4096K)
 Metaspace       used 58784K, capacity 60322K, committed 60592K, reserved 1101824K
  class space    used 7493K, capacity 8104K, committed 8112K, reserved 1048576K
Heap Regions: E=young(eden), S=young(survivor), O=old, HS=humongous(starts), HC=humongous(continues), CS=collection set, F=free, A=archive, TS=gc time stamp, AC=allocation context, TAMS=top-at-mark-start (previous, next)
|   0|0x00000000c8c00000, 0x00000000c8d00000, 0x00000000c8d00000|100%| O|  |TS  0|AC  0|TAMS 0x00000000c8c00000, 0x00000000c8c00000|
|   1|0x00000000c8d00000, 0x00000000c8dff248, 0x00000000c8e00000| 99%| O|  |TS  0|AC  0|TAMS 0x00000000c8d00000, 0x00000000c8d00000|
|   2|0x00000000c8e00000, 0x00000000c8effff8, 0x00000000c8f00000| 99%| O|  |TS  0|AC  0|TAMS 0x00000000c8e00000, 0x00000000c8e00000|
|   3|0x00000000c8f00000, 0x00000000c8ffffe8, 0x00000000c9000000| 99%| O|  |TS  0|AC  0|TAMS 0x00000000c8f00000, 0x00000000c8f00000|
|   4|0x00000000c9000000, 0x00000000c90ffff0, 0x00000000c9100000| 99%| O|  |TS  0|AC  0|TAMS 0x00000000c9000000, 0x00000000c9000000|
|   5|0x00000000c9100000, 0x00000000c91ffff8, 0x00000000c9200000| 99%| O|  |TS  0|AC  0|TAMS 0x00000000c9100000, 0x00000000c9100000|
|   6|0x00000000c9200000, 0x00000000c9300000, 0x00000000c9300000|100%| O|  |TS  0|AC  0|TAMS 0x00000000c9200000, 0x00000000c9200000|
|   7|0x00000000c9300000, 0x00000000c93f0cf0, 0x00000000c9400000| 94%| O|  |TS  0|AC  0|TAMS 0x00000000c9300000, 0x00000000c9300000|
|   8|0x00000000c9400000, 0x00000000c94fffd8, 0x00000000c9500000| 99%| O|  |TS  0|AC  0|TAMS 0x00000000c9400000, 0x00000000c9400000|
|   9|0x00000000c9500000, 0x00000000c95fffc8, 0x00000000c9600000| 99%| O|  |TS  0|AC  0|TAMS 0x00000000c9500000, 0x00000000c9500000|
|  10|0x00000000c9600000, 0x00000000c96ffff8, 0x00000000c9700000| 99%| O|  |TS  0|AC  0|TAMS 0x00000000c9600000, 0x00000000c9600000|
|  11|0x00000000c9700000, 0x00000000c9800000, 0x00000000c9800000|100%| O|  |TS  0|AC  0|TAMS 0x00000000c9700000, 0x00000000c9700000|
|  12|0x00000000c9800000, 0x00000000c98ff4d0, 0x00000000c9900000| 99%| O|  |TS  0|AC  0|TAMS 0x00000000c9800000, 0x00000000c9800000|
|  13|0x00000000c9900000, 0x00000000c99ffec8, 0x00000000c9a00000| 99%| O|  |TS  0|AC  0|TAMS 0x00000000c9900000, 0x00000000c9900000|
|  14|0x00000000c9a00000, 0x00000000c9b00000, 0x00000000c9b00000|100%| O|  |TS  0|AC  0|TAMS 0x00000000c9a00000, 0x00000000c9a00000|
|  15|0x00000000c9b00000, 0x00000000c9bffff8, 0x00000000c9c00000| 99%| O|  |TS  0|AC  0|TAMS 0x00000000c9b00000, 0x00000000c9b00000|
|  16|0x00000000c9c00000, 0x00000000c9cfd780, 0x00000000c9d00000| 99%| O|  |TS  0|AC  0|TAMS 0x00000000c9c00000, 0x00000000c9c00000|
|  17|0x00000000c9d00000, 0x00000000c9dfdf90, 0x00000000c9e00000| 99%| O|  |TS  0|AC  0|TAMS 0x00000000c9d00000, 0x00000000c9d00000|
|  18|0x00000000c9e00000, 0x00000000c9efffb8, 0x00000000c9f00000| 99%| O|  |TS  0|AC  0|TAMS 0x00000000c9e00000, 0x00000000c9e00000|
|  19|0x00000000c9f00000, 0x00000000ca000000, 0x00000000ca000000|100%| O|  |TS  0|AC  0|TAMS 0x00000000c9f00000, 0x00000000c9f00000|
|  20|0x00000000ca000000, 0x00000000ca0ffff8, 0x00000000ca100000| 99%| O|  |TS  0|AC  0|TAMS 0x00000000ca000000, 0x00000000ca000000|
|  21|0x00000000ca100000, 0x00000000ca1fffc8, 0x00000000ca200000| 99%| O|  |TS  0|AC  0|TAMS 0x00000000ca100000, 0x00000000ca100000|
|  22|0x00000000ca200000, 0x00000000ca2ffff0, 0x00000000ca300000| 99%| O|  |TS  0|AC  0|TAMS 0x00000000ca200000, 0x00000000ca200000|
|  23|0x00000000ca300000, 0x00000000ca3ffff8, 0x00000000ca400000| 99%| O|  |TS  0|AC  0|TAMS 0x00000000ca300000, 0x00000000ca300000|
|  24|0x00000000ca400000, 0x00000000ca4ffff8, 0x00000000ca500000| 99%| O|  |TS  0|AC  0|TAMS 0x00000000ca400000, 0x00000000ca400000|
|  25|0x00000000ca500000, 0x00000000ca5fffd0, 0x00000000ca600000| 99%| O|  |TS  0|AC  0|TAMS 0x00000000ca500000, 0x00000000ca500000|
|  26|0x00000000ca600000, 0x00000000ca6b6ac0, 0x00000000ca700000| 71%| O|  |TS  0|AC  0|TAMS 0x00000000ca600000, 0x00000000ca600000|
|  27|0x00000000ca700000, 0x00000000ca800000, 0x00000000ca800000|100%| O|  |TS  3|AC  0|TAMS 0x00000000ca700000, 0x00000000ca700000|
|  28|0x00000000ca800000, 0x00000000ca900000, 0x00000000ca900000|100%| O|  |TS  4|AC  0|TAMS 0x00000000ca800000, 0x00000000ca800000|
|  29|0x00000000ca900000, 0x00000000ca9da600, 0x00000000caa00000| 85%| O|  |TS  5|AC  0|TAMS 0x00000000ca900000, 0x00000000ca900000|
|  30|0x00000000caa00000, 0x00000000caa00000, 0x00000000cab00000|  0%| F|  |TS  0|AC  0|TAMS 0x00000000caa00000, 0x00000000caa00000|
|  31|0x00000000cab00000, 0x00000000cab00000, 0x00000000cac00000|  0%| F|  |TS  0|AC  0|TAMS 0x00000000cab00000, 0x00000000cab00000|
|  32|0x00000000cac00000, 0x00000000cac00000, 0x00000000cad00000|  0%| F|  |TS  0|AC  0|TAMS 0x00000000cac00000, 0x00000000cac00000|
|  33|0x00000000cad00000, 0x00000000cad00000, 0x00000000cae00000|  0%| F|  |TS  0|AC  0|TAMS 0x00000000cad00000, 0x00000000cad00000|
|  34|0x00000000cae00000, 0x00000000cae00000, 0x00000000caf00000|  0%| F|  |TS  0|AC  0|TAMS 0x00000000cae00000, 0x00000000cae00000|
|  35|0x00000000caf00000, 0x00000000caf00000, 0x00000000cb000000|  0%| F|  |TS  0|AC  0|TAMS 0x00000000caf00000, 0x00000000caf00000|
|  36|0x00000000cb000000, 0x00000000cb000000, 0x00000000cb100000|  0%| F|  |TS  0|AC  0|TAMS 0x00000000cb000000, 0x00000000cb000000|
|  37|0x00000000cb100000, 0x00000000cb100000, 0x00000000cb200000|  0%| F|  |TS  0|AC  0|TAMS 0x00000000cb100000, 0x00000000cb100000|
|  38|0x00000000cb200000, 0x00000000cb2ffd78, 0x00000000cb300000| 99%| O|  |TS  0|AC  0|TAMS 0x00000000cb200000, 0x00000000cb200000|
|  39|0x00000000cb300000, 0x00000000cb300000, 0x00000000cb400000|  0%| F|  |TS  0|AC  0|TAMS 0x00000000cb300000, 0x00000000cb300000|
|  40|0x00000000cb400000, 0x00000000cb400000, 0x00000000cb500000|  0%| F|  |TS  0|AC  0|TAMS 0x00000000cb400000, 0x00000000cb400000|
|  41|0x00000000cb500000, 0x00000000cb5348f8, 0x00000000cb600000| 20%| O|  |TS  0|AC  0|TAMS 0x00000000cb500000, 0x00000000cb500000|
|  42|0x00000000cb600000, 0x00000000cb600000, 0x00000000cb700000|  0%| F|  |TS  0|AC  0|TAMS 0x00000000cb600000, 0x00000000cb600000|
|  43|0x00000000cb700000, 0x00000000cb700000, 0x00000000cb800000|  0%| F|  |TS  0|AC  0|TAMS 0x00000000cb700000, 0x00000000cb700000|
|  44|0x00000000cb800000, 0x00000000cb800000, 0x00000000cb900000|  0%| F|  |TS  0|AC  0|TAMS 0x00000000cb800000, 0x00000000cb800000|
|  45|0x00000000cb900000, 0x00000000cb900000, 0x00000000cba00000|  0%| F|  |TS  0|AC  0|TAMS 0x00000000cb900000, 0x00000000cb900000|
|  46|0x00000000cba00000, 0x00000000cba00000, 0x00000000cbb00000|  0%| F|  |TS  0|AC  0|TAMS 0x00000000cba00000, 0x00000000cba00000|
|  47|0x00000000cbb00000, 0x00000000cbb00000, 0x00000000cbc00000|  0%| F|  |TS  4|AC  0|TAMS 0x00000000cbb00000, 0x00000000cbb00000|
|  48|0x00000000cbc00000, 0x00000000cbc00000, 0x00000000cbd00000|  0%| F|  |TS  4|AC  0|TAMS 0x00000000cbc00000, 0x00000000cbc00000|
|  49|0x00000000cbd00000, 0x00000000cbd828c0, 0x00000000cbe00000| 50%| S|  |TS  5|AC  0|TAMS 0x00000000cbd00000, 0x00000000cbd00000|
|  50|0x00000000cbe00000, 0x00000000cbf00000, 0x00000000cbf00000|100%| S|  |TS  5|AC  0|TAMS 0x00000000cbe00000, 0x00000000cbe00000|
|  51|0x00000000cbf00000, 0x00000000cbf00000, 0x00000000cc000000|  0%| F|  |TS  5|AC  0|TAMS 0x00000000cbf00000, 0x00000000cbf00000|
|  52|0x00000000cc000000, 0x00000000cc000000, 0x00000000cc100000|  0%| F|  |TS  5|AC  0|TAMS 0x00000000cc000000, 0x00000000cc000000|
|  53|0x00000000cc100000, 0x00000000cc100000, 0x00000000cc200000|  0%| F|  |TS  5|AC  0|TAMS 0x00000000cc100000, 0x00000000cc100000|
|  54|0x00000000cc200000, 0x00000000cc300000, 0x00000000cc300000|100%| S|  |TS  5|AC  0|TAMS 0x00000000cc200000, 0x00000000cc200000|
|  55|0x00000000cc300000, 0x00000000cc400000, 0x00000000cc400000|100%| S|  |TS  5|AC  0|TAMS 0x00000000cc300000, 0x00000000cc300000|
|  56|0x00000000cc400000, 0x00000000cc4ff790, 0x00000000cc500000| 99%| O|  |TS  0|AC  0|TAMS 0x00000000cc400000, 0x00000000cc400000|
|  57|0x00000000cc500000, 0x00000000cc5fffb0, 0x00000000cc600000| 99%| O|  |TS  0|AC  0|TAMS 0x00000000cc500000, 0x00000000cc500000|
|  58|0x00000000cc600000, 0x00000000cc600000, 0x00000000cc700000|  0%| F|  |TS  5|AC  0|TAMS 0x00000000cc600000, 0x00000000cc600000|
|  59|0x00000000cc700000, 0x00000000cc700000, 0x00000000cc800000|  0%| F|  |TS  5|AC  0|TAMS 0x00000000cc700000, 0x00000000cc700000|
|  60|0x00000000cc800000, 0x00000000cc8819c0, 0x00000000cc900000| 50%| O|  |TS  0|AC  0|TAMS 0x00000000cc800000, 0x00000000cc800000|
|  61|0x00000000cc900000, 0x00000000cc9b7f90, 0x00000000cca00000| 71%| O|  |TS  0|AC  0|TAMS 0x00000000cc900000, 0x00000000cc900000|
|  62|0x00000000cca00000, 0x00000000cca00000, 0x00000000ccb00000|  0%| F|  |TS  5|AC  0|TAMS 0x00000000cca00000, 0x00000000cca00000|
|  63|0x00000000ccb00000, 0x00000000ccb00000, 0x00000000ccc00000|  0%| F|  |TS  5|AC  0|TAMS 0x00000000ccb00000, 0x00000000ccb00000|
|  64|0x00000000ccc00000, 0x00000000ccc00000, 0x00000000ccd00000|  0%| F|  |TS  5|AC  0|TAMS 0x00000000ccc00000, 0x00000000ccc00000|
|  65|0x00000000ccd00000, 0x00000000ccd00000, 0x00000000cce00000|  0%| F|  |TS  5|AC  0|TAMS 0x00000000ccd00000, 0x00000000ccd00000|
|  66|0x00000000cce00000, 0x00000000cce00000, 0x00000000ccf00000|  0%| F|  |TS  5|AC  0|TAMS 0x00000000cce00000, 0x00000000cce00000|
|  67|0x00000000ccf00000, 0x00000000ccf00000, 0x00000000cd000000|  0%| F|  |TS  5|AC  0|TAMS 0x00000000ccf00000, 0x00000000ccf00000|
|  68|0x00000000cd000000, 0x00000000cd000000, 0x00000000cd100000|  0%| F|  |TS  5|AC  0|TAMS 0x00000000cd000000, 0x00000000cd000000|
|  69|0x00000000cd100000, 0x00000000cd100000, 0x00000000cd200000|  0%| F|  |TS  5|AC  0|TAMS 0x00000000cd100000, 0x00000000cd100000|
|  70|0x00000000cd200000, 0x00000000cd200000, 0x00000000cd300000|  0%| F|  |TS  5|AC  0|TAMS 0x00000000cd200000, 0x00000000cd200000|
|  71|0x00000000cd300000, 0x00000000cd300000, 0x00000000cd400000|  0%| F|  |TS  5|AC  0|TAMS 0x00000000cd300000, 0x00000000cd300000|
|  72|0x00000000cd400000, 0x00000000cd400000, 0x00000000cd500000|  0%| F|  |TS  5|AC  0|TAMS 0x00000000cd400000, 0x00000000cd400000|
|  73|0x00000000cd500000, 0x00000000cd500000, 0x00000000cd600000|  0%| F|  |TS  5|AC  0|TAMS 0x00000000cd500000, 0x00000000cd500000|
|  74|0x00000000cd600000, 0x00000000cd600000, 0x00000000cd700000|  0%| F|  |TS  5|AC  0|TAMS 0x00000000cd600000, 0x00000000cd600000|
|  75|0x00000000cd700000, 0x00000000cd700000, 0x00000000cd800000|  0%| F|  |TS  5|AC  0|TAMS 0x00000000cd700000, 0x00000000cd700000|
|  76|0x00000000cd800000, 0x00000000cd800000, 0x00000000cd900000|  0%| F|  |TS  5|AC  0|TAMS 0x00000000cd800000, 0x00000000cd800000|
|  77|0x00000000cd900000, 0x00000000cd900000, 0x00000000cda00000|  0%| F|  |TS  5|AC  0|TAMS 0x00000000cd900000, 0x00000000cd900000|
|  78|0x00000000cda00000, 0x00000000cda00000, 0x00000000cdb00000|  0%| F|  |TS  5|AC  0|TAMS 0x00000000cda00000, 0x00000000cda00000|
|  79|0x00000000cdb00000, 0x00000000cdb00000, 0x00000000cdc00000|  0%| F|  |TS  5|AC  0|TAMS 0x00000000cdb00000, 0x00000000cdb00000|
|  80|0x00000000cdc00000, 0x00000000cdc00000, 0x00000000cdd00000|  0%| F|  |TS  5|AC  0|TAMS 0x00000000cdc00000, 0x00000000cdc00000|
|  81|0x00000000cdd00000, 0x00000000cdd00000, 0x00000000cde00000|  0%| F|  |TS  5|AC  0|TAMS 0x00000000cdd00000, 0x00000000cdd00000|
|  82|0x00000000cde00000, 0x00000000cde00000, 0x00000000cdf00000|  0%| F|  |TS  5|AC  0|TAMS 0x00000000cde00000, 0x00000000cde00000|
|  83|0x00000000cdf00000, 0x00000000cdf00000, 0x00000000ce000000|  0%| F|  |TS  5|AC  0|TAMS 0x00000000cdf00000, 0x00000000cdf00000|
|  84|0x00000000ce000000, 0x00000000ce000000, 0x00000000ce100000|  0%| F|  |TS  5|AC  0|TAMS 0x00000000ce000000, 0x00000000ce000000|
|  85|0x00000000ce100000, 0x00000000ce100000, 0x00000000ce200000|  0%| F|  |TS  5|AC  0|TAMS 0x00000000ce100000, 0x00000000ce100000|
|  86|0x00000000ce200000, 0x00000000ce200000, 0x00000000ce300000|  0%| F|  |TS  5|AC  0|TAMS 0x00000000ce200000, 0x00000000ce200000|
|  87|0x00000000ce300000, 0x00000000ce300000, 0x00000000ce400000|  0%| F|  |TS  5|AC  0|TAMS 0x00000000ce300000, 0x00000000ce300000|
|  88|0x00000000ce400000, 0x00000000ce400000, 0x00000000ce500000|  0%| F|  |TS  5|AC  0|TAMS 0x00000000ce400000, 0x00000000ce400000|
|  89|0x00000000ce500000, 0x00000000ce500000, 0x00000000ce600000|  0%| F|  |TS  5|AC  0|TAMS 0x00000000ce500000, 0x00000000ce500000|
|  90|0x00000000ce600000, 0x00000000ce600000, 0x00000000ce700000|  0%| F|  |TS  5|AC  0|TAMS 0x00000000ce600000, 0x00000000ce600000|
|  91|0x00000000ce700000, 0x00000000ce700000, 0x00000000ce800000|  0%| F|  |TS  5|AC  0|TAMS 0x00000000ce700000, 0x00000000ce700000|
|  92|0x00000000ce800000, 0x00000000ce800000, 0x00000000ce900000|  0%| F|  |TS  5|AC  0|TAMS 0x00000000ce800000, 0x00000000ce800000|
|  93|0x00000000ce900000, 0x00000000ce900000, 0x00000000cea00000|  0%| F|  |TS  5|AC  0|TAMS 0x00000000ce900000, 0x00000000ce900000|
|  94|0x00000000cea00000, 0x00000000cea00000, 0x00000000ceb00000|  0%| F|  |TS  5|AC  0|TAMS 0x00000000cea00000, 0x00000000cea00000|
|  95|0x00000000ceb00000, 0x00000000ceb00000, 0x00000000cec00000|  0%| F|  |TS  5|AC  0|TAMS 0x00000000ceb00000, 0x00000000ceb00000|
|  96|0x00000000cec00000, 0x00000000cec00000, 0x00000000ced00000|  0%| F|  |TS  5|AC  0|TAMS 0x00000000cec00000, 0x00000000cec00000|
|  97|0x00000000ced00000, 0x00000000ced00000, 0x00000000cee00000|  0%| F|  |TS  5|AC  0|TAMS 0x00000000ced00000, 0x00000000ced00000|
|  98|0x00000000cee00000, 0x00000000cee00000, 0x00000000cef00000|  0%| F|  |TS  5|AC  0|TAMS 0x00000000cee00000, 0x00000000cee00000|
|  99|0x00000000cef00000, 0x00000000cef00000, 0x00000000cf000000|  0%| F|  |TS  5|AC  0|TAMS 0x00000000cef00000, 0x00000000cef00000|
| 100|0x00000000cf000000, 0x00000000cf000000, 0x00000000cf100000|  0%| F|  |TS  5|AC  0|TAMS 0x00000000cf000000, 0x00000000cf000000|
| 101|0x00000000cf100000, 0x00000000cf100000, 0x00000000cf200000|  0%| F|  |TS  5|AC  0|TAMS 0x00000000cf100000, 0x00000000cf100000|
| 102|0x00000000cf200000, 0x00000000cf200000, 0x00000000cf300000|  0%| F|  |TS  5|AC  0|TAMS 0x00000000cf200000, 0x00000000cf200000|
| 103|0x00000000cf300000, 0x00000000cf300800, 0x00000000cf400000|  0%| E|  |TS  5|AC  0|TAMS 0x00000000cf300000, 0x00000000cf300000|
| 104|0x00000000cf400000, 0x00000000cf500000, 0x00000000cf500000|100%| E|  |TS  5|AC  0|TAMS 0x00000000cf400000, 0x00000000cf400000|
| 105|0x00000000cf500000, 0x00000000cf600000, 0x00000000cf600000|100%| E|  |TS  5|AC  0|TAMS 0x00000000cf500000, 0x00000000cf500000|
| 106|0x00000000cf600000, 0x00000000cf700000, 0x00000000cf700000|100%| E|  |TS  5|AC  0|TAMS 0x00000000cf600000, 0x00000000cf600000|
| 107|0x00000000cf700000, 0x00000000cf800000, 0x00000000cf800000|100%| E|  |TS  5|AC  0|TAMS 0x00000000cf700000, 0x00000000cf700000|
| 108|0x00000000cf800000, 0x00000000cf900000, 0x00000000cf900000|100%| E|  |TS  5|AC  0|TAMS 0x00000000cf800000, 0x00000000cf800000|
| 109|0x00000000cf900000, 0x00000000cfa00000, 0x00000000cfa00000|100%| E|  |TS  5|AC  0|TAMS 0x00000000cf900000, 0x00000000cf900000|

Card table byte_map: [0x00000260f5ca0000,0x00000260f5e60000] byte_map_base: 0x00000260f565a000

Marking Bits (Prev, Next): (CMBitMap*) 0x00000260df553988, (CMBitMap*) 0x00000260df553950
 Prev Bits: [0x00000260f6df0000, 0x00000260f7bc0000)
 Next Bits: [0x00000260f6020000, 0x00000260f6df0000)

Polling page: 0x00000260dd360000

CodeHeap 'non-profiled nmethods': size=238912Kb used=11866Kb max_used=11866Kb free=227045Kb
 bounds [0x00000260e7350000, 0x00000260e7ef0000, 0x00000260f5ca0000]
CodeHeap 'non-nmethods': size=6848Kb used=2385Kb max_used=2385Kb free=4462Kb
 bounds [0x00000260e6ca0000, 0x00000260e6f10000, 0x00000260e7350000]
 total_blobs=7462 nmethods=6748 adapters=562
 compilation: enabled

Compilation events (10 events):
Event: 3961.181 Thread 0x00000260fa95b000 6806       1       java.lang.Class::getDeclaredField (54 bytes)
Event: 3961.182 Thread 0x00000260fa95b000 nmethod 6806 0x00000260e7ee4290 code [0x00000260e7ee44c0, 0x00000260e7ee49c0]
Event: 3961.182 Thread 0x00000260fa980800 6807       1       jdk.internal.module.IllegalAccessLogger::illegalAccessLogger (4 bytes)
Event: 3961.183 Thread 0x00000260fa980800 nmethod 6807 0x00000260e7ee4c10 code [0x00000260e7ee4dc0, 0x00000260e7ee4eb8]
Event: 3961.185 Thread 0x00000260fa958800 6808       1       org.apache.catalina.ContainerEvent::getType (5 bytes)
Event: 3961.185 Thread 0x00000260fa958800 nmethod 6808 0x00000260e7ee4f10 code [0x00000260e7ee50c0, 0x00000260e7ee51d8]
Event: 3961.191 Thread 0x00000260fa95b000 6809       1       java.util.concurrent.locks.AbstractQueuedSynchronizer$ConditionObject::checkInterruptWhileWaiting (27 bytes)
Event: 3961.191 Thread 0x00000260fa980800 6810       1       com.sun.jmx.interceptor.DefaultMBeanServerInterceptor::nonDefaultDomain (32 bytes)
Event: 3961.192 Thread 0x00000260fa95b000 nmethod 6809 0x00000260e7ee5290 code [0x00000260e7ee54a0, 0x00000260e7ee5910]
Event: 3961.195 Thread 0x00000260fa980800 nmethod 6810 0x00000260e7ee5b90 code [0x00000260e7ee5e20, 0x00000260e7ee65a0]

GC Heap History (10 events):
Event: 279.088 GC heap after
{Heap after GC invocations=22 (full 1):
 garbage-first heap   total 112640K, used 34874K [0x00000000c8c00000, 0x0000000100000000)
  region size 1024K, 3 young (3072K), 3 survivors (3072K)
 Metaspace       used 58508K, capacity 59986K, committed 60336K, reserved 1101824K
  class space    used 7464K, capacity 8078K, committed 8112K, reserved 1048576K
}
Event: 279.650 GC heap before
{Heap before GC invocations=22 (full 1):
 garbage-first heap   total 112640K, used 85050K [0x00000000c8c00000, 0x0000000100000000)
  region size 1024K, 52 young (53248K), 3 survivors (3072K)
 Metaspace       used 58656K, capacity 60156K, committed 60592K, reserved 1101824K
  class space    used 7475K, capacity 8085K, committed 8112K, reserved 1048576K
}
Event: 279.658 GC heap after
{Heap after GC invocations=23 (full 1):
 garbage-first heap   total 112640K, used 36630K [0x00000000c8c00000, 0x0000000100000000)
  region size 1024K, 5 young (5120K), 5 survivors (5120K)
 Metaspace       used 58656K, capacity 60156K, committed 60592K, reserved 1101824K
  class space    used 7475K, capacity 8085K, committed 8112K, reserved 1048576K
}
Event: 711.371 GC heap before
{Heap before GC invocations=23 (full 1):
 garbage-first heap   total 112640K, used 86806K [0x00000000c8c00000, 0x0000000100000000)
  region size 1024K, 54 young (55296K), 5 survivors (5120K)
 Metaspace       used 58773K, capacity 60310K, committed 60592K, reserved 1101824K
  class space    used 7490K, capacity 8101K, committed 8112K, reserved 1048576K
}
Event: 711.381 GC heap after
{Heap after GC invocations=24 (full 1):
 garbage-first heap   total 112640K, used 38030K [0x00000000c8c00000, 0x0000000100000000)
  region size 1024K, 5 young (5120K), 5 survivors (5120K)
 Metaspace       used 58773K, capacity 60310K, committed 60592K, reserved 1101824K
  class space    used 7490K, capacity 8101K, committed 8112K, reserved 1048576K
}
Event: 2991.383 GC heap before
{Heap before GC invocations=24 (full 1):
 garbage-first heap   total 112640K, used 87182K [0x00000000c8c00000, 0x0000000100000000)
  region size 1024K, 53 young (54272K), 5 survivors (5120K)
 Metaspace       used 58774K, capacity 60310K, committed 60592K, reserved 1101824K
  class space    used 7490K, capacity 8101K, committed 8112K, reserved 1048576K
}
Event: 2991.393 GC heap after
{Heap after GC invocations=25 (full 1):
 garbage-first heap   total 112640K, used 38443K [0x00000000c8c00000, 0x0000000100000000)
  region size 1024K, 4 young (4096K), 4 survivors (4096K)
 Metaspace       used 58774K, capacity 60310K, committed 60592K, reserved 1101824K
  class space    used 7490K, capacity 8101K, committed 8112K, reserved 1048576K
}
Event: 3913.978 GC heap before
{Heap before GC invocations=25 (full 1):
 garbage-first heap   total 112640K, used 88619K [0x00000000c8c00000, 0x0000000100000000)
  region size 1024K, 53 young (54272K), 4 survivors (4096K)
 Metaspace       used 58774K, capacity 60310K, committed 60592K, reserved 1101824K
  class space    used 7490K, capacity 8101K, committed 8112K, reserved 1048576K
}
Event: 3913.993 GC heap after
{Heap after GC invocations=26 (full 1):
 garbage-first heap   total 112640K, used 38318K [0x00000000c8c00000, 0x0000000100000000)
  region size 1024K, 4 young (4096K), 4 survivors (4096K)
 Metaspace       used 58774K, capacity 60310K, committed 60592K, reserved 1101824K
  class space    used 7490K, capacity 8101K, committed 8112K, reserved 1048576K
}
Event: 3961.203 GC heap before
{Heap before GC invocations=26 (full 1):
 garbage-first heap   total 112640K, used 44462K [0x00000000c8c00000, 0x0000000100000000)
  region size 1024K, 11 young (11264K), 4 survivors (4096K)
 Metaspace       used 58784K, capacity 60322K, committed 60592K, reserved 1101824K
  class space    used 7493K, capacity 8104K, committed 8112K, reserved 1048576K
}

Deoptimization events (0 events):
No events

Classes redefined (0 events):
No events

Internal exceptions (10 events):
Event: 279.672 Thread 0x00000260800e6800 Exception <a 'java/lang/ClassNotFoundException'{0x00000000cf9e5038}: java/lang/ObjectCustomizer> (0x00000000cf9e5038) thrown at [t:/workspace/open/src/hotspot/share/classfile/systemDictionary.cpp, line 233]
Event: 279.673 Thread 0x00000260800e6800 Exception <a 'java/lang/ClassNotFoundException'{0x00000000cf9f2880}: com/apap/tutorial5/controller/DealerControllerCustomizer> (0x00000000cf9f2880) thrown at [t:/workspace/open/src/hotspot/share/classfile/systemDictionary.cpp, line 233]
Event: 3960.913 Thread 0x00000260fcea7000 Exception <a 'java/io/IOException'{0x00000000cf5a13c8}> (0x00000000cf5a13c8) thrown at [t:/workspace/open/src/hotspot/share/prims/jni.cpp, line 611]
Event: 3960.934 Thread 0x00000260fcea7000 Exception <a 'java/io/IOException'{0x00000000cf5ae7c8}> (0x00000000cf5ae7c8) thrown at [t:/workspace/open/src/hotspot/share/prims/jni.cpp, line 611]
Event: 3960.935 Thread 0x00000260fcea7000 Exception <a 'java/io/IOException'{0x00000000cf5b0060}> (0x00000000cf5b0060) thrown at [t:/workspace/open/src/hotspot/share/prims/jni.cpp, line 611]
Event: 3960.937 Thread 0x00000260fcea7000 Exception <a 'java/io/IOException'{0x00000000cf5bbd08}> (0x00000000cf5bbd08) thrown at [t:/workspace/open/src/hotspot/share/prims/jni.cpp, line 611]
Event: 3960.946 Thread 0x00000260fcea7000 Exception <a 'java/io/IOException'{0x00000000cf5bee10}> (0x00000000cf5bee10) thrown at [t:/workspace/open/src/hotspot/share/prims/jni.cpp, line 611]
Event: 3960.959 Thread 0x00000260fcea7000 Exception <a 'java/io/IOException'{0x00000000cf5c0ed0}> (0x00000000cf5c0ed0) thrown at [t:/workspace/open/src/hotspot/share/prims/jni.cpp, line 611]
Event: 3961.167 Thread 0x00000260800e2800 Exception <a 'java/lang/InterruptedException'{0x00000000cf9a7818}: sleep interrupted> (0x00000000cf9a7818) thrown at [t:/workspace/open/src/hotspot/share/prims/jvm.cpp, line 3062]
Event: 3961.190 Thread 0x00000260800e5000 Exception <a 'java/lang/InterruptedException'{0x00000000cf4d5c60}: sleep interrupted> (0x00000000cf4d5c60) thrown at [t:/workspace/open/src/hotspot/share/prims/jvm.cpp, line 3062]

Events (10 events):
Event: 3961.190 Executing VM operation: RevokeBias
Event: 3961.190 Executing VM operation: RevokeBias done
Event: 3961.190 Thread 0x00000260800e5000 Thread exited: 0x00000260800e5000
Event: 3961.191 Executing VM operation: RevokeBias
Event: 3961.191 Executing VM operation: RevokeBias done
Event: 3961.191 Thread 0x00000260fcea6000 Thread exited: 0x00000260fcea6000
Event: 3961.192 Executing VM operation: RevokeBias
Event: 3961.192 Executing VM operation: RevokeBias done
Event: 3961.192 Thread 0x00000260fcea5000 Thread exited: 0x00000260fcea5000
Event: 3961.203 Executing VM operation: G1CollectFull


Dynamic libraries:
0x00007ff7b0fe0000 - 0x00007ff7b101e000 	C:\Program Files\Java\jre-10.0.2\bin\javaw.exe
0x00007ffe56090000 - 0x00007ffe56271000 	C:\WINDOWS\SYSTEM32\ntdll.dll
0x00007ffe54ef0000 - 0x00007ffe54fa2000 	C:\WINDOWS\System32\KERNEL32.DLL
0x00007ffe52700000 - 0x00007ffe52973000 	C:\WINDOWS\System32\KERNELBASE.dll
0x00007ffe535f0000 - 0x00007ffe53691000 	C:\WINDOWS\System32\ADVAPI32.dll
0x00007ffe536b0000 - 0x00007ffe5374e000 	C:\WINDOWS\System32\msvcrt.dll
0x00007ffe55280000 - 0x00007ffe552db000 	C:\WINDOWS\System32\sechost.dll
0x00007ffe538d0000 - 0x00007ffe539f4000 	C:\WINDOWS\System32\RPCRT4.dll
0x00007ffe55b00000 - 0x00007ffe55c90000 	C:\WINDOWS\System32\USER32.dll
0x00007ffe53090000 - 0x00007ffe530b0000 	C:\WINDOWS\System32\win32u.dll
0x00007ffe535c0000 - 0x00007ffe535e8000 	C:\WINDOWS\System32\GDI32.dll
0x00007ffe52560000 - 0x00007ffe526f2000 	C:\WINDOWS\System32\gdi32full.dll
0x00007ffe533a0000 - 0x00007ffe5343f000 	C:\WINDOWS\System32\msvcp_win.dll
0x00007ffe52460000 - 0x00007ffe5255a000 	C:\WINDOWS\System32\ucrtbase.dll
0x00007ffe426a0000 - 0x00007ffe42909000 	C:\WINDOWS\WinSxS\amd64_microsoft.windows.common-controls_6595b64144ccf1df_6.0.17134.285_none_fb4297e330656775\COMCTL32.dll
0x00007ffe55c90000 - 0x00007ffe55fb3000 	C:\WINDOWS\System32\combase.dll
0x00007ffe4ac80000 - 0x00007ffe4ac8a000 	C:\WINDOWS\SYSTEM32\VERSION.dll
0x00007ffe534a0000 - 0x00007ffe5351a000 	C:\WINDOWS\System32\bcryptPrimitives.dll
0x00007ffe55250000 - 0x00007ffe5527d000 	C:\WINDOWS\System32\IMM32.DLL
0x00007ffe47a40000 - 0x00007ffe47b2f000 	C:\Program Files\Java\jre-10.0.2\bin\msvcr120.dll
0x00007ffe3c1c0000 - 0x00007ffe3c266000 	C:\Program Files\Java\jre-10.0.2\bin\msvcp120.dll
0x0000000076b30000 - 0x00000000775a0000 	C:\Program Files\Java\jre-10.0.2\bin\server\jvm.dll
0x00007ffe536a0000 - 0x00007ffe536a8000 	C:\WINDOWS\System32\PSAPI.DLL
0x00007ffe4ff60000 - 0x00007ffe4ff83000 	C:\WINDOWS\SYSTEM32\WINMM.dll
0x00007ffe4ff30000 - 0x00007ffe4ff5a000 	C:\WINDOWS\SYSTEM32\WINMMBASE.dll
0x00007ffe53350000 - 0x00007ffe53399000 	C:\WINDOWS\System32\cfgmgr32.dll
0x00007ffe4e140000 - 0x00007ffe4e149000 	C:\WINDOWS\SYSTEM32\WSOCK32.dll
0x00007ffe54fb0000 - 0x00007ffe5501c000 	C:\WINDOWS\System32\WS2_32.dll
0x00007ffe4c2d0000 - 0x00007ffe4c2df000 	C:\Program Files\Java\jre-10.0.2\bin\verify.dll
0x00007ffe40fd0000 - 0x00007ffe41199000 	C:\WINDOWS\SYSTEM32\DBGHELP.DLL
0x00007ffe42360000 - 0x00007ffe42389000 	C:\WINDOWS\SYSTEM32\dbgcore.DLL
0x00007ffe47a10000 - 0x00007ffe47a37000 	C:\Program Files\Java\jre-10.0.2\bin\java.dll
0x00007ffe4ba90000 - 0x00007ffe4baa6000 	C:\Program Files\Java\jre-10.0.2\bin\zip.dll
0x00007ffe4af50000 - 0x00007ffe4af5a000 	C:\Program Files\Java\jre-10.0.2\bin\jimage.dll
0x00007ffe53ab0000 - 0x00007ffe54ef0000 	C:\WINDOWS\System32\SHELL32.dll
0x00007ffe53a00000 - 0x00007ffe53aa9000 	C:\WINDOWS\System32\shcore.dll
0x00007ffe52980000 - 0x00007ffe5308d000 	C:\WINDOWS\System32\windows.storage.dll
0x00007ffe557b0000 - 0x00007ffe55801000 	C:\WINDOWS\System32\shlwapi.dll
0x00007ffe52440000 - 0x00007ffe52451000 	C:\WINDOWS\System32\kernel.appcore.dll
0x00007ffe523a0000 - 0x00007ffe523bf000 	C:\WINDOWS\System32\profapi.dll
0x00007ffe523c0000 - 0x00007ffe5240c000 	C:\WINDOWS\System32\powrprof.dll
0x00007ffe52430000 - 0x00007ffe5243a000 	C:\WINDOWS\System32\FLTLIB.DLL
0x00007ffe4f880000 - 0x00007ffe4f89a000 	C:\Program Files\Java\jre-10.0.2\bin\net.dll
0x00007ffe4e630000 - 0x00007ffe4e70c000 	C:\WINDOWS\SYSTEM32\WINHTTP.dll
0x00007ffe51bc0000 - 0x00007ffe51c26000 	C:\WINDOWS\system32\mswsock.dll
0x00007ffe4ece0000 - 0x00007ffe4ecf1000 	C:\Program Files\Java\jre-10.0.2\bin\nio.dll
0x00007ffe36550000 - 0x00007ffe36559000 	C:\Program Files\Java\jre-10.0.2\bin\management.dll
0x00007ffe35670000 - 0x00007ffe3567a000 	C:\Program Files\Java\jre-10.0.2\bin\management_ext.dll
0x00007ffe3f7b0000 - 0x00007ffe3f7c6000 	C:\WINDOWS\system32\napinsp.dll
0x00007ffe3f790000 - 0x00007ffe3f7aa000 	C:\WINDOWS\system32\pnrpnsp.dll
0x00007ffe4ed00000 - 0x00007ffe4ed19000 	C:\WINDOWS\system32\NLAapi.dll
0x00007ffe51980000 - 0x00007ffe51a3e000 	C:\WINDOWS\SYSTEM32\DNSAPI.dll
0x00007ffe53590000 - 0x00007ffe53598000 	C:\WINDOWS\System32\NSI.dll
0x00007ffe51940000 - 0x00007ffe51978000 	C:\WINDOWS\SYSTEM32\IPHLPAPI.DLL
0x00007ffe3e610000 - 0x00007ffe3e61e000 	C:\WINDOWS\System32\winrnr.dll
0x00007ffe4ccc0000 - 0x00007ffe4ccd5000 	C:\WINDOWS\System32\wshbth.dll
0x00007ffe46060000 - 0x00007ffe4606a000 	C:\Windows\System32\rasadhlp.dll
0x00007ffe461c0000 - 0x00007ffe46232000 	C:\WINDOWS\System32\fwpuclnt.dll
0x00007ffe51ea0000 - 0x00007ffe51ec5000 	C:\WINDOWS\SYSTEM32\bcrypt.dll
0x00007ffe51d70000 - 0x00007ffe51d87000 	C:\WINDOWS\SYSTEM32\CRYPTSP.dll
0x00007ffe517a0000 - 0x00007ffe517d3000 	C:\WINDOWS\system32\rsaenh.dll
0x00007ffe522a0000 - 0x00007ffe522c8000 	C:\WINDOWS\SYSTEM32\USERENV.dll
0x00007ffe51d90000 - 0x00007ffe51d9b000 	C:\WINDOWS\SYSTEM32\CRYPTBASE.dll
0x00007ffe4a9d0000 - 0x00007ffe4a9e6000 	C:\WINDOWS\SYSTEM32\dhcpcsvc6.DLL
0x00007ffe4af60000 - 0x00007ffe4af7a000 	C:\WINDOWS\SYSTEM32\dhcpcsvc.DLL

dbghelp: loaded successfully - version: 4.0.5 - missing functions: none
symbol engine: initialized successfully - sym options: 0x614 - pdb path: .;C:\Program Files\Java\jre-10.0.2\bin;C:\WINDOWS\SYSTEM32;C:\WINDOWS\WinSxS\amd64_microsoft.windows.common-controls_6595b64144ccf1df_6.0.17134.285_none_fb4297e330656775;C:\Program Files\Java\jre-10.0.2\bin\server

VM Arguments:
jvm_args: -Dcom.sun.management.jmxremote -Dcom.sun.management.jmxremote.port=50413 -Dcom.sun.management.jmxremote.authenticate=false -Dcom.sun.management.jmxremote.ssl=false -Djava.rmi.server.hostname=localhost -Dspring.liveBeansView.mbeanDomain -Dspring.application.admin.enabled=true -Xverify:none -XX:TieredStopAtLevel=1 -Dfile.encoding=UTF-8 
java_command: com.apap.tutorial5.Tutorial5Application --spring.output.ansi.enabled=always
java_class_path (initial): C:\Users\Lenovo\Documents\APAP\tutorial-5\target\classes;C:\Users\Lenovo\.m2\repository\org\springframework\boot\spring-boot-starter-data-jpa\2.0.5.RELEASE\spring-boot-starter-data-jpa-2.0.5.RELEASE.jar;C:\Users\Lenovo\.m2\repository\org\springframework\boot\spring-boot-starter\2.0.5.RELEASE\spring-boot-starter-2.0.5.RELEASE.jar;C:\Users\Lenovo\.m2\repository\org\springframework\boot\spring-boot-starter-logging\2.0.5.RELEASE\spring-boot-starter-logging-2.0.5.RELEASE.jar;C:\Users\Lenovo\.m2\repository\ch\qos\logback\logback-classic\1.2.3\logback-classic-1.2.3.jar;C:\Users\Lenovo\.m2\repository\ch\qos\logback\logback-core\1.2.3\logback-core-1.2.3.jar;C:\Users\Lenovo\.m2\repository\org\apache\logging\log4j\log4j-to-slf4j\2.10.0\log4j-to-slf4j-2.10.0.jar;C:\Users\Lenovo\.m2\repository\org\apache\logging\log4j\log4j-api\2.10.0\log4j-api-2.10.0.jar;C:\Users\Lenovo\.m2\repository\org\slf4j\jul-to-slf4j\1.7.25\jul-to-slf4j-1.7.25.jar;C:\Users\Lenovo\.m2\repository\javax\annotation\javax.annotation-api\1.3.2\javax.annotation-api-1.3.2.jar;C:\Users\Lenovo\.m2\repository\org\yaml\snakeyaml\1.19\snakeyaml-1.19.jar;C:\Users\Lenovo\.m2\repository\org\springframework\boot\spring-boot-starter-aop\2.0.5.RELEASE\spring-boot-starter-aop-2.0.5.RELEASE.jar;C:\Users\Lenovo\.m2\repository\org\springframework\spring-aop\5.0.9.RELEASE\spring-aop-5.0.9.RELEASE.jar;C:\Users\Lenovo\.m2\repository\org\aspectj\aspectjweaver\1.8.13\aspectjweaver-1.8.13.jar;C:\Users\Lenovo\.m2\repository\org\springframework\boot\spring-boot-starter-jdbc\2.0.5.RELEASE\spring-boot-starter-jdbc-2.0.5.RELEASE.jar;C:\Users\Lenovo\.m2\repository\com\zaxxer\HikariCP\2.7.9\HikariCP-2.7.9.jar;C:\Users\Lenovo\.m2\repository\org\springframework\spring-jdbc\5.0.9.RELEASE\spring-jdbc-5.0.9.RELEASE.jar;C:\Users\Lenovo\.m2\repository\javax\transaction\javax.transaction-api\1.2\javax.transaction-api-1.2.jar;C:\Users\Lenovo\.m2\repository\org\hibernate\hibernate-core\5.2.17.Final\hibernate-core-5.2.17.
Launcher Type: SUN_STANDARD

Logging:
Log output configuration:
#0: stdout all=warning uptime,level,tags
#1: stderr all=off uptime,level,tags

Environment Variables:
PATH=C:\Program Files (x86)\Common Files\Oracle\Java\javapath;C:\WINDOWS\system32;C:\WINDOWS;C:\WINDOWS\System32\Wbem;C:\WINDOWS\System32\WindowsPowerShell\v1.0\;C:\WINDOWS\System32\OpenSSH\;C:\Program Files\Git\cmd;C:\Users\Lenovo\AppData\Local\Microsoft\WindowsApps;
USERNAME=Kenny
OS=Windows_NT
PROCESSOR_IDENTIFIER=AMD64 Family 21 Model 48 Stepping 1, AuthenticAMD



---------------  S Y S T E M  ---------------

OS: Windows 10 , 64 bit Build 17134 (10.0.17134.1)

CPU:total 4 (initial active 4) (4 cores per cpu, 1 threads per core) family 21 model 48 stepping 1, cmov, cx8, fxsr, mmx, sse, sse2, sse3, ssse3, sse4.1, sse4.2, popcnt, avx, aes, clmul, mmxext, 3dnowpref, lzcnt, sse4a, tsc, tscinvbit, tscinv, bmi1, fma

Memory: 4k page, physical 3617956k(844604k free), swap 5452964k(1642932k free)

vm_info: Java HotSpot(TM) 64-Bit Server VM (10.0.2+13) for windows-amd64 JRE (10.0.2+13), built on Jun 28 2018 01:57:56 by "mach5one" with MS VC++ 12.0 (VS2013)

END.
